State 0:
          sentence ::= * expr
      (1) sentence ::= *
          expr ::= * relation_test
          expr ::= * logical_test
          logical_test ::= * expr TEST_AND expr
          logical_test ::= * expr TEST_OR expr
          logical_test ::= * TEST_NOT expr
          logical_test ::= * entity
          entity ::= * FIELD
          entity ::= * STRING
          entity ::= * UNPARSED
          entity ::= * range
          range ::= * FIELD LBRACKET drnode_list RBRACKET
          relation_test ::= * entity rel_op2 entity
          relation_test ::= * entity rel_op2 relation_test
          entity ::= * FUNCTION LPAREN funcparams RPAREN
          entity ::= * FUNCTION LPAREN RPAREN
          expr ::= * LPAREN expr RPAREN

                             $ reduce 1
                      TEST_NOT shift  3
                         FIELD shift  17
                        STRING shift  40
                      UNPARSED shift  41
                      FUNCTION shift  20
                        LPAREN shift  1
                      sentence accept
                          expr shift  12
                        entity shift  10
                 relation_test shift  30
                  logical_test shift  31
                         range shift  42

State 1:
          expr ::= * relation_test
          expr ::= * logical_test
          logical_test ::= * expr TEST_AND expr
          logical_test ::= * expr TEST_OR expr
          logical_test ::= * TEST_NOT expr
          logical_test ::= * entity
          entity ::= * FIELD
          entity ::= * STRING
          entity ::= * UNPARSED
          entity ::= * range
          range ::= * FIELD LBRACKET drnode_list RBRACKET
          relation_test ::= * entity rel_op2 entity
          relation_test ::= * entity rel_op2 relation_test
          entity ::= * FUNCTION LPAREN funcparams RPAREN
          entity ::= * FUNCTION LPAREN RPAREN
          expr ::= * LPAREN expr RPAREN
          expr ::= LPAREN * expr RPAREN

                      TEST_NOT shift  3
                         FIELD shift  17
                        STRING shift  40
                      UNPARSED shift  41
                      FUNCTION shift  20
                        LPAREN shift  1
                          expr shift  13
                        entity shift  10
                 relation_test shift  30
                  logical_test shift  31
                         range shift  42

State 2:
          expr ::= * relation_test
          expr ::= * logical_test
          logical_test ::= * expr TEST_AND expr
          logical_test ::= * expr TEST_OR expr
          logical_test ::= expr TEST_OR * expr
          logical_test ::= * TEST_NOT expr
          logical_test ::= * entity
          entity ::= * FIELD
          entity ::= * STRING
          entity ::= * UNPARSED
          entity ::= * range
          range ::= * FIELD LBRACKET drnode_list RBRACKET
          relation_test ::= * entity rel_op2 entity
          relation_test ::= * entity rel_op2 relation_test
          entity ::= * FUNCTION LPAREN funcparams RPAREN
          entity ::= * FUNCTION LPAREN RPAREN
          expr ::= * LPAREN expr RPAREN

                      TEST_NOT shift  3
                         FIELD shift  17
                        STRING shift  40
                      UNPARSED shift  41
                      FUNCTION shift  20
                        LPAREN shift  1
                          expr shift  32
                        entity shift  10
                 relation_test shift  30
                  logical_test shift  31
                         range shift  42

State 3:
          expr ::= * relation_test
          expr ::= * logical_test
          logical_test ::= * expr TEST_AND expr
          logical_test ::= * expr TEST_OR expr
          logical_test ::= * TEST_NOT expr
          logical_test ::= TEST_NOT * expr
          logical_test ::= * entity
          entity ::= * FIELD
          entity ::= * STRING
          entity ::= * UNPARSED
          entity ::= * range
          range ::= * FIELD LBRACKET drnode_list RBRACKET
          relation_test ::= * entity rel_op2 entity
          relation_test ::= * entity rel_op2 relation_test
          entity ::= * FUNCTION LPAREN funcparams RPAREN
          entity ::= * FUNCTION LPAREN RPAREN
          expr ::= * LPAREN expr RPAREN

                      TEST_NOT shift  3
                         FIELD shift  17
                        STRING shift  40
                      UNPARSED shift  41
                      FUNCTION shift  20
                        LPAREN shift  1
                          expr shift  33
                        entity shift  10
                 relation_test shift  30
                  logical_test shift  31
                         range shift  42

State 4:
          expr ::= * relation_test
          expr ::= * logical_test
          logical_test ::= * expr TEST_AND expr
          logical_test ::= expr TEST_AND * expr
          logical_test ::= * expr TEST_OR expr
          logical_test ::= * TEST_NOT expr
          logical_test ::= * entity
          entity ::= * FIELD
          entity ::= * STRING
          entity ::= * UNPARSED
          entity ::= * range
          range ::= * FIELD LBRACKET drnode_list RBRACKET
          relation_test ::= * entity rel_op2 entity
          relation_test ::= * entity rel_op2 relation_test
          entity ::= * FUNCTION LPAREN funcparams RPAREN
          entity ::= * FUNCTION LPAREN RPAREN
          expr ::= * LPAREN expr RPAREN

                      TEST_NOT shift  3
                         FIELD shift  17
                        STRING shift  40
                      UNPARSED shift  41
                      FUNCTION shift  20
                        LPAREN shift  1
                          expr shift  22
                        entity shift  10
                 relation_test shift  30
                  logical_test shift  31
                         range shift  42

State 5:
          entity ::= * FIELD
          entity ::= * STRING
          entity ::= * UNPARSED
          entity ::= * range
          range ::= * FIELD LBRACKET drnode_list RBRACKET
          entity ::= * FUNCTION LPAREN funcparams RPAREN
          entity ::= FUNCTION LPAREN * funcparams RPAREN
          entity ::= * FUNCTION LPAREN RPAREN
          entity ::= FUNCTION LPAREN * RPAREN
          funcparams ::= * entity
          funcparams ::= * funcparams COMMA entity

                         FIELD shift  17
                        STRING shift  40
                      UNPARSED shift  41
                      FUNCTION shift  20
                        RPAREN shift  27
                        entity shift  28
                         range shift  42
                    funcparams shift  16

State 6:
          entity ::= * FIELD
          entity ::= * STRING
          entity ::= * UNPARSED
          entity ::= * range
          range ::= * FIELD LBRACKET drnode_list RBRACKET
          relation_test ::= * entity rel_op2 entity
          relation_test ::= entity rel_op2 * entity
          relation_test ::= * entity rel_op2 relation_test
          relation_test ::= entity rel_op2 * relation_test
          entity ::= * FUNCTION LPAREN funcparams RPAREN
          entity ::= * FUNCTION LPAREN RPAREN

                         FIELD shift  17
                        STRING shift  40
                      UNPARSED shift  41
                      FUNCTION shift  20
                        entity shift  9
                 relation_test shift  24
                         range shift  42

State 7:
          entity ::= * FIELD
          entity ::= * STRING
          entity ::= * UNPARSED
          entity ::= * range
          range ::= * FIELD LBRACKET drnode_list RBRACKET
          entity ::= * FUNCTION LPAREN funcparams RPAREN
          entity ::= * FUNCTION LPAREN RPAREN
          funcparams ::= funcparams COMMA * entity

                         FIELD shift  17
                        STRING shift  40
                      UNPARSED shift  41
                      FUNCTION shift  20
                        entity shift  26
                         range shift  42

State 8:
          range ::= FIELD LBRACKET * drnode_list RBRACKET
          drnode_list ::= * drnode
          drnode_list ::= * drnode_list COMMA drnode
          drnode ::= * INTEGER COLON INTEGER
          drnode ::= * INTEGER HYPHEN INTEGER
          drnode ::= * COLON INTEGER
          drnode ::= * INTEGER COLON
          drnode ::= * INTEGER

                       INTEGER shift  15
                         COLON shift  21
                        drnode shift  39
                   drnode_list shift  14

State 9:
          relation_test ::= entity * rel_op2 entity
     (20) relation_test ::= entity rel_op2 entity *
          relation_test ::= entity * rel_op2 relation_test
          rel_op2 ::= * TEST_EQ
          rel_op2 ::= * TEST_NE
          rel_op2 ::= * TEST_GT
          rel_op2 ::= * TEST_GE
          rel_op2 ::= * TEST_LT
          rel_op2 ::= * TEST_LE
          rel_op2 ::= * TEST_BITWISE_AND
          rel_op2 ::= * TEST_CONTAINS
          rel_op2 ::= * TEST_MATCHES

                       TEST_EQ shift  43
                       TEST_NE shift  44
                       TEST_LT shift  47
                       TEST_LE shift  48
                       TEST_GT shift  45
                       TEST_GE shift  46
                 TEST_CONTAINS shift  50
                  TEST_MATCHES shift  23
              TEST_BITWISE_AND shift  49
                       rel_op2 shift  6
                     {default} reduce 20

State 10:
      (7) logical_test ::= entity *
          relation_test ::= entity * rel_op2 entity
          relation_test ::= entity * rel_op2 relation_test
          rel_op2 ::= * TEST_EQ
          rel_op2 ::= * TEST_NE
          rel_op2 ::= * TEST_GT
          rel_op2 ::= * TEST_GE
          rel_op2 ::= * TEST_LT
          rel_op2 ::= * TEST_LE
          rel_op2 ::= * TEST_BITWISE_AND
          rel_op2 ::= * TEST_CONTAINS
          rel_op2 ::= * TEST_MATCHES

                       TEST_EQ shift  43
                       TEST_NE shift  44
                       TEST_LT shift  47
                       TEST_LE shift  48
                       TEST_GT shift  45
                       TEST_GE shift  46
                 TEST_CONTAINS shift  50
                  TEST_MATCHES shift  23
              TEST_BITWISE_AND shift  49
                       rel_op2 shift  6
                     {default} reduce 7

State 11:
          drnode_list ::= drnode_list COMMA * drnode
          drnode ::= * INTEGER COLON INTEGER
          drnode ::= * INTEGER HYPHEN INTEGER
          drnode ::= * COLON INTEGER
          drnode ::= * INTEGER COLON
          drnode ::= * INTEGER

                       INTEGER shift  15
                         COLON shift  21
                        drnode shift  35

State 12:
      (0) sentence ::= expr *
          logical_test ::= expr * TEST_AND expr
          logical_test ::= expr * TEST_OR expr

                             $ reduce 0
                      TEST_AND shift  4
                       TEST_OR shift  2

State 13:
          logical_test ::= expr * TEST_AND expr
          logical_test ::= expr * TEST_OR expr
          expr ::= LPAREN expr * RPAREN

                      TEST_AND shift  4
                       TEST_OR shift  2
                        RPAREN shift  29

State 14:
          range ::= FIELD LBRACKET drnode_list * RBRACKET
          drnode_list ::= drnode_list * COMMA drnode

                      RBRACKET shift  34
                         COMMA shift  11

State 15:
          drnode ::= INTEGER * COLON INTEGER
          drnode ::= INTEGER * HYPHEN INTEGER
          drnode ::= INTEGER * COLON
     (19) drnode ::= INTEGER *

                         COLON shift  19
                        HYPHEN shift  18
                     {default} reduce 19

State 16:
          entity ::= FUNCTION LPAREN funcparams * RPAREN
          funcparams ::= funcparams * COMMA entity

                         COMMA shift  7
                        RPAREN shift  25

State 17:
      (8) entity ::= FIELD *
          range ::= FIELD * LBRACKET drnode_list RBRACKET

                      LBRACKET shift  8
                     {default} reduce 8

State 18:
          drnode ::= INTEGER HYPHEN * INTEGER

                       INTEGER shift  37

State 19:
          drnode ::= INTEGER COLON * INTEGER
     (18) drnode ::= INTEGER COLON *

                       INTEGER shift  36
                     {default} reduce 18

State 20:
          entity ::= FUNCTION * LPAREN funcparams RPAREN
          entity ::= FUNCTION * LPAREN RPAREN

                        LPAREN shift  5

State 21:
          drnode ::= COLON * INTEGER

                       INTEGER shift  38

State 22:
          logical_test ::= expr * TEST_AND expr
      (4) logical_test ::= expr TEST_AND expr *
          logical_test ::= expr * TEST_OR expr

                       TEST_OR shift  2
                     {default} reduce 4

State 23:
     (30) rel_op2 ::= TEST_MATCHES *

                     {default} reduce 30

State 24:
     (21) relation_test ::= entity rel_op2 relation_test *

                     {default} reduce 21

State 25:
     (31) entity ::= FUNCTION LPAREN funcparams RPAREN *

                     {default} reduce 31

State 26:
     (34) funcparams ::= funcparams COMMA entity *

                     {default} reduce 34

State 27:
     (32) entity ::= FUNCTION LPAREN RPAREN *

                     {default} reduce 32

State 28:
     (33) funcparams ::= entity *

                     {default} reduce 33

State 29:
     (35) expr ::= LPAREN expr RPAREN *

                     {default} reduce 35

State 30:
      (2) expr ::= relation_test *

                     {default} reduce 2

State 31:
      (3) expr ::= logical_test *

                     {default} reduce 3

State 32:
          logical_test ::= expr * TEST_AND expr
          logical_test ::= expr * TEST_OR expr
      (5) logical_test ::= expr TEST_OR expr *

                     {default} reduce 5

State 33:
          logical_test ::= expr * TEST_AND expr
          logical_test ::= expr * TEST_OR expr
      (6) logical_test ::= TEST_NOT expr *

                     {default} reduce 6

State 34:
     (12) range ::= FIELD LBRACKET drnode_list RBRACKET *

                     {default} reduce 12

State 35:
     (14) drnode_list ::= drnode_list COMMA drnode *

                     {default} reduce 14

State 36:
     (15) drnode ::= INTEGER COLON INTEGER *

                     {default} reduce 15

State 37:
     (16) drnode ::= INTEGER HYPHEN INTEGER *

                     {default} reduce 16

State 38:
     (17) drnode ::= COLON INTEGER *

                     {default} reduce 17

State 39:
     (13) drnode_list ::= drnode *

                     {default} reduce 13

State 40:
      (9) entity ::= STRING *

                     {default} reduce 9

State 41:
     (10) entity ::= UNPARSED *

                     {default} reduce 10

State 42:
     (11) entity ::= range *

                     {default} reduce 11

State 43:
     (22) rel_op2 ::= TEST_EQ *

                     {default} reduce 22

State 44:
     (23) rel_op2 ::= TEST_NE *

                     {default} reduce 23

State 45:
     (24) rel_op2 ::= TEST_GT *

                     {default} reduce 24

State 46:
     (25) rel_op2 ::= TEST_GE *

                     {default} reduce 25

State 47:
     (26) rel_op2 ::= TEST_LT *

                     {default} reduce 26

State 48:
     (27) rel_op2 ::= TEST_LE *

                     {default} reduce 27

State 49:
     (28) rel_op2 ::= TEST_BITWISE_AND *

                     {default} reduce 28

State 50:
     (29) rel_op2 ::= TEST_CONTAINS *

                     {default} reduce 29

----------------------------------------------------
Symbols:
    0: $:
    1: TEST_AND
    2: TEST_OR
    3: TEST_EQ
    4: TEST_NE
    5: TEST_LT
    6: TEST_LE
    7: TEST_GT
    8: TEST_GE
    9: TEST_CONTAINS
   10: TEST_MATCHES
   11: TEST_BITWISE_AND
   12: TEST_NOT
   13: FIELD
   14: STRING
   15: UNPARSED
   16: LBRACKET
   17: RBRACKET
   18: COMMA
   19: INTEGER
   20: COLON
   21: HYPHEN
   22: FUNCTION
   23: LPAREN
   24: RPAREN
   25: error:
   26: sentence: <lambda> TEST_NOT FIELD STRING UNPARSED FUNCTION LPAREN
   27: expr: TEST_NOT FIELD STRING UNPARSED FUNCTION LPAREN
   28: entity: FIELD STRING UNPARSED FUNCTION
   29: relation_test: FIELD STRING UNPARSED FUNCTION
   30: logical_test: TEST_NOT FIELD STRING UNPARSED FUNCTION LPAREN
   31: rel_op2: TEST_EQ TEST_NE TEST_LT TEST_LE TEST_GT TEST_GE TEST_CONTAINS TEST_MATCHES TEST_BITWISE_AND
   32: range: FIELD
   33: drnode: INTEGER COLON
   34: drnode_list: INTEGER COLON
   35: funcparams: FIELD STRING UNPARSED FUNCTION
